/var/lib/gems/1.9.1/gems/audite-0.4.0/lib/audite.rb:136:in `samples_per_frame': undefined method `spf' for nil:NilClass (NoMethodError)
	from /var/lib/gems/1.9.1/gems/audite-0.4.0/lib/audite.rb:160:in `samples_to_frames'
	from /var/lib/gems/1.9.1/gems/audite-0.4.0/lib/audite.rb:156:in `samples_to_seconds'
	from /var/lib/gems/1.9.1/gems/audite-0.4.0/lib/audite.rb:175:in `position'
	from /var/lib/gems/1.9.1/gems/audite-0.4.0/lib/audite.rb:183:in `rewind'
	from /var/lib/gems/1.9.1/gems/soundcloud2000-0.1.0/lib/soundcloud2000/models/player.rb:117:in `rewind'
	from /var/lib/gems/1.9.1/gems/soundcloud2000-0.1.0/lib/soundcloud2000/controllers/player_controller.rb:28:in `block in initialize'
	from /var/lib/gems/1.9.1/gems/soundcloud2000-0.1.0/lib/soundcloud2000/events.rb:13:in `call'
	from /var/lib/gems/1.9.1/gems/soundcloud2000-0.1.0/lib/soundcloud2000/events.rb:13:in `block in trigger'
	from /var/lib/gems/1.9.1/gems/soundcloud2000-0.1.0/lib/soundcloud2000/events.rb:12:in `each'
	from /var/lib/gems/1.9.1/gems/soundcloud2000-0.1.0/lib/soundcloud2000/events.rb:12:in `trigger'
	from /var/lib/gems/1.9.1/gems/soundcloud2000-0.1.0/lib/soundcloud2000/application.rb:72:in `handle'
	from /var/lib/gems/1.9.1/gems/soundcloud2000-0.1.0/lib/soundcloud2000/application.rb:49:in `block in main'
	from /var/lib/gems/1.9.1/gems/soundcloud2000-0.1.0/lib/soundcloud2000/application.rb:47:in `loop'
	from /var/lib/gems/1.9.1/gems/soundcloud2000-0.1.0/lib/soundcloud2000/application.rb:47:in `main'
	from /var/lib/gems/1.9.1/gems/soundcloud2000-0.1.0/lib/soundcloud2000/application.rb:65:in `run'
	from /var/lib/gems/1.9.1/gems/soundcloud2000-0.1.0/lib/soundcloud2000.rb:15:in `start'
	from /var/lib/gems/1.9.1/gems/soundcloud2000-0.1.0/bin/soundcloud2000:5:in `<top (required)>'
	from /usr/local/bin/soundcloud2000:23:in `load'
	from /usr/local/bin/soundcloud2000:23:in `<main>'
